<?xml version="1.0" encoding="UTF-8"?>
<!-- Generated by org.testng.reporters.JUnitReportReporter -->
<testsuite hostname="DESKTOP-B1SBRCM" failures="0" tests="5" name="testScenarios.Test_Amazon" time="38.094" errors="0" timestamp="2022-02-14T13:58:59 IST" skipped="0">
  <testcase classname="testScenarios.Test_Amazon" name="email" time="5.726"/>
  <system-out/>
  <testcase classname="testScenarios.Test_Amazon" name="password" time="0.245"/>
  <system-out/>
  <testcase classname="testScenarios.Test_Amazon" name="HomePageOperation1" time="13.688"/>
  <system-out/>
  <testcase classname="testScenarios.Test_Amazon" name="HomePageOperation2" time="0.638"/>
  <system-out/>
  <testcase classname="testScenarios.Test_Amazon" name="addToCartOperation" time="17.797"/>
  <system-out/>
</testsuite> <!-- testScenarios.Test_Amazon -->
