<?xml version="1.0" encoding="UTF-8"?>
<!-- Generated by org.testng.reporters.JUnitReportReporter -->
<testsuite hostname="DESKTOP-B1SBRCM" failures="0" tests="3" name="testScenarios.Test_Amazon" time="31.804" errors="0" timestamp="2022-02-11T17:21:34 IST" skipped="0">
  <testcase classname="testScenarios.Test_Amazon" name="HomePageOperation1" time="19.377"/>
  <system-out/>
  <testcase classname="testScenarios.Test_Amazon" name="HomePageOperation2" time="1.389"/>
  <system-out/>
  <testcase classname="testScenarios.Test_Amazon" name="addToCartOperation" time="11.038"/>
  <system-out/>
</testsuite> <!-- testScenarios.Test_Amazon -->
