<?xml version="1.0" encoding="UTF-8"?>
<!-- Generated by org.testng.reporters.JUnitReportReporter -->
<testsuite hostname="DESKTOP-B1SBRCM" failures="0" tests="4" name="Vigneshassignment.Amazonpara" time="37.316" errors="0" timestamp="2022-02-10T12:27:24 IST" skipped="0">
  <testcase classname="Vigneshassignment.Amazonpara" name="test1" time="1.886"/>
  <system-out/>
  <testcase classname="Vigneshassignment.Amazonpara" name="test2" time="13.915"/>
  <system-out/>
  <testcase classname="Vigneshassignment.Amazonpara" name="test3" time="1.107"/>
  <system-out/>
  <testcase classname="Vigneshassignment.Amazonpara" name="test4" time="20.408"/>
  <system-out/>
</testsuite> <!-- Vigneshassignment.Amazonpara -->
