<?xml version="1.0" encoding="UTF-8"?>
<!-- Generated by org.testng.reporters.JUnitReportReporter -->
<testsuite hostname="DESKTOP-B1SBRCM" failures="0" tests="1" name="Vigneshassignment.Newamazon" time="16.958" errors="0" timestamp="2022-02-11T15:01:29 IST" skipped="0">
  <testcase classname="Vigneshassignment.Newamazon" name="test1" time="16.958"/>
  <system-out/>
</testsuite> <!-- Vigneshassignment.Newamazon -->
