<?xml version="1.0" encoding="UTF-8"?>
<!-- Generated by org.testng.reporters.JUnitReportReporter -->
<testsuite hostname="DESKTOP-B1SBRCM" failures="0" tests="4" name="Vigneshassignment.Amazonpara" time="44.485" errors="0" timestamp="2022-02-08T14:59:16 IST" skipped="0">
  <testcase classname="Vigneshassignment.Amazonpara" name="test1" time="1.132"/>
  <system-out/>
  <testcase classname="Vigneshassignment.Amazonpara" name="test2" time="6.595"/>
  <system-out/>
  <testcase classname="Vigneshassignment.Amazonpara" name="test3" time="2.579"/>
  <system-out/>
  <testcase classname="Vigneshassignment.Amazonpara" name="test4" time="34.179"/>
  <system-out/>
</testsuite> <!-- Vigneshassignment.Amazonpara -->
